<?xml version="1.0" encoding="UTF-8"?>
<!-- Generated by org.testng.reporters.JUnitXMLReporter -->
<testsuite ignored="0" hostname="LAPTOP-CM51QT3D" failures="0" tests="5" name="ChromeTest" time="55.453" errors="0" timestamp="2023-12-15T11:07:39 IST">
  <testcase classname="sayalee.crossBrowserDucati" name="ducati" time="18.104"/>
  <testcase classname="sayalee.crossBrowserRollsRoyce" name="rollsroyce" time="4.239"/>
  <testcase classname="sayalee.crossBrowserKoenigsegg" name="koenigsegg" time="5.291"/>
  <testcase classname="sayalee.crossBrowserSupra" name="supra" time="9.155"/>
  <testcase classname="sayalee.crossBrowserBugati" name="ducati" time="18.594"/>
</testsuite> <!-- ChromeTest -->
