<?xml version="1.0" encoding="UTF-8"?>
<!-- Generated by org.testng.reporters.JUnitXMLReporter -->
<testsuite ignored="0" hostname="LAPTOP-CM51QT3D" failures="0" tests="5" name="EdgeTest" time="83.494" errors="0" timestamp="2023-12-15T11:09:03 IST">
  <testcase classname="sayalee.crossBrowserDucati" name="ducati" time="17.277"/>
  <testcase classname="sayalee.crossBrowserRollsRoyce" name="rollsroyce" time="10.283"/>
  <testcase classname="sayalee.crossBrowserKoenigsegg" name="koenigsegg" time="10.465"/>
  <testcase classname="sayalee.crossBrowserSupra" name="supra" time="17.239"/>
  <testcase classname="sayalee.crossBrowserBugati" name="ducati" time="28.171"/>
</testsuite> <!-- EdgeTest -->
