<?xml version="1.0" encoding="UTF-8"?>
<!-- Generated by org.testng.reporters.JUnitXMLReporter -->
<testsuite ignored="4" hostname="LAPTOP-CM51QT3D" failures="0" tests="2" name="Test" time="0.062" errors="0" timestamp="2023-12-18T12:59:39 IST">
  <testcase classname="genric.BaseScript1" name="method1" time="0.008"/>
  <testcase classname="genric.Script2" name="method2" time="0.001"/>
  <testcase classname="genric.BaseScript" name="@BeforeSuite beforeSuite" time="0.0">
    <ignored/>
  </testcase> <!-- @BeforeSuite beforeSuite -->
  <testcase classname="genric.BaseScript" name="@BeforeTest beforeTest" time="0.0">
    <ignored/>
  </testcase> <!-- @BeforeTest beforeTest -->
  <testcase classname="genric.BaseScript" name="@AfterTest afterTest" time="0.0">
    <ignored/>
  </testcase> <!-- @AfterTest afterTest -->
  <testcase classname="genric.BaseScript" name="@AfterSuite afterSuite" time="0.0">
    <ignored/>
  </testcase> <!-- @AfterSuite afterSuite -->
</testsuite> <!-- Test -->
